<?xml version="1.0" encoding="UTF-8"?>
<!-- Generated by org.testng.reporters.JUnitReportReporter -->
<testsuite hostname="LAPTOP-HIQFTH8L" failures="1" tests="1" name="com.wallethub.fbtest.TestClassFB" time="13.009" errors="0" timestamp="5 Nov 2021 14:05:17 GMT">
  <testcase classname="com.wallethub.fbtest.TestClassFB" name="faceBookPost" time="13.009">
    <failure message="no such element: Unable to locate element: {&quot;method&quot;:&quot;css selector&quot;,&quot;selector&quot;:&quot;#mount_0_0_G0 &gt; div &gt; div:nth-child(1) &gt; div &gt; div.rq0escxv.l9j0dhe7.du4w35lb &gt; div &gt; div &gt; div.j83agx80.cbu4d94t.d6urw2fd.dp1hu0rb.l9j0dhe7.du4w35lb &gt; div.rq0escxv.l9j0dhe7.du4w35lb.j83agx80.pfnyh3mw.taijpn5t.gs1a9yip.owycx6da.btwxx1t3.dp1hu0rb.p01isnhg &gt; div &gt; div.rq0escxv.l9j0dhe7.du4w35lb.j83agx80.g5gj957u.pmt1y7k9.buofh1pr.hpfvmrgz.taijpn5t.gs1a9yip.owycx6da.btwxx1t3.f7vcsfb0.fjf4s8hc.b6rwyo50.oyrvap6t &gt; div &gt; div &gt; div &gt; div.j83agx80.btwxx1t3.taijpn5t &gt; div &gt; div:nth-child(3) &gt; div &gt; div &gt; div &gt; div.k4urcfbm.g5gj957u.buofh1pr.j83agx80.ll8tlv6m &gt; div&quot;}
  (Session info: chrome=95.0.4638.69)
For documentation on this error, please visit: http://seleniumhq.org/exceptions/no_such_element.html
Build info: version: &#039;3.4.0&#039;, revision: &#039;unknown&#039;, time: &#039;unknown&#039;
System info: host: &#039;LAPTOP-HIQFTH8L&#039;, ip: &#039;192.168.0.110&#039;, os.name: &#039;Windows 10&#039;, os.arch: &#039;amd64&#039;, os.version: &#039;10.0&#039;, java.version: &#039;16.0.1&#039;
Driver info: org.openqa.selenium.chrome.ChromeDriver
Capabilities [{networkConnectionEnabled=false, chrome={chromedriverVersion=94.0.4606.61 (418b78f5838ed0b1c69bb4e51ea0252171854915-refs/branch-heads/4606@{#1204}), userDataDir=C:\Users\gprab\AppData\Local\Temp\scoped_dir22188_1257942676}, timeouts={implicit=0.0, pageLoad=300000.0, script=30000.0}, pageLoadStrategy=normal, unhandledPromptBehavior=dismiss and notify, strictFileInteractability=false, platform=ANY, proxy=Proxy(), goog:chromeOptions={debuggerAddress=localhost:50406}, webauthn:extension:credBlob=true, acceptInsecureCerts=false, browserVersion=95.0.4638.69, browserName=chrome, javascriptEnabled=true, platformName=windows, setWindowRect=true, webauthn:extension:largeBlob=true, webauthn:virtualAuthenticators=true}]
Session ID: 1c2c1a235e2d7129ac6a10e8c66dc505
*** Element info: {Using=css selector, value=#mount_0_0_G0 &gt; div &gt; div:nth-child(1) &gt; div &gt; div.rq0escxv.l9j0dhe7.du4w35lb &gt; div &gt; div &gt; div.j83agx80.cbu4d94t.d6urw2fd.dp1hu0rb.l9j0dhe7.du4w35lb &gt; div.rq0escxv.l9j0dhe7.du4w35lb.j83agx80.pfnyh3mw.taijpn5t.gs1a9yip.owycx6da.btwxx1t3.dp1hu0rb.p01isnhg &gt; div &gt; div.rq0escxv.l9j0dhe7.du4w35lb.j83agx80.g5gj957u.pmt1y7k9.buofh1pr.hpfvmrgz.taijpn5t.gs1a9yip.owycx6da.btwxx1t3.f7vcsfb0.fjf4s8hc.b6rwyo50.oyrvap6t &gt; div &gt; div &gt; div &gt; div.j83agx80.btwxx1t3.taijpn5t &gt; div &gt; div:nth-child(3) &gt; div &gt; div &gt; div &gt; div.k4urcfbm.g5gj957u.buofh1pr.j83agx80.ll8tlv6m &gt; div}" type="org.openqa.selenium.NoSuchElementException">
      <![CDATA[org.openqa.selenium.NoSuchElementException: no such element: Unable to locate element: {"method":"css selector","selector":"#mount_0_0_G0 > div > div:nth-child(1) > div > div.rq0escxv.l9j0dhe7.du4w35lb > div > div > div.j83agx80.cbu4d94t.d6urw2fd.dp1hu0rb.l9j0dhe7.du4w35lb > div.rq0escxv.l9j0dhe7.du4w35lb.j83agx80.pfnyh3mw.taijpn5t.gs1a9yip.owycx6da.btwxx1t3.dp1hu0rb.p01isnhg > div > div.rq0escxv.l9j0dhe7.du4w35lb.j83agx80.g5gj957u.pmt1y7k9.buofh1pr.hpfvmrgz.taijpn5t.gs1a9yip.owycx6da.btwxx1t3.f7vcsfb0.fjf4s8hc.b6rwyo50.oyrvap6t > div > div > div > div.j83agx80.btwxx1t3.taijpn5t > div > div:nth-child(3) > div > div > div > div.k4urcfbm.g5gj957u.buofh1pr.j83agx80.ll8tlv6m > div"}
  (Session info: chrome=95.0.4638.69)
For documentation on this error, please visit: http://seleniumhq.org/exceptions/no_such_element.html
Build info: version: '3.4.0', revision: 'unknown', time: 'unknown'
System info: host: 'LAPTOP-HIQFTH8L', ip: '192.168.0.110', os.name: 'Windows 10', os.arch: 'amd64', os.version: '10.0', java.version: '16.0.1'
Driver info: org.openqa.selenium.chrome.ChromeDriver
Capabilities [{networkConnectionEnabled=false, chrome={chromedriverVersion=94.0.4606.61 (418b78f5838ed0b1c69bb4e51ea0252171854915-refs/branch-heads/4606@{#1204}), userDataDir=C:\Users\gprab\AppData\Local\Temp\scoped_dir22188_1257942676}, timeouts={implicit=0.0, pageLoad=300000.0, script=30000.0}, pageLoadStrategy=normal, unhandledPromptBehavior=dismiss and notify, strictFileInteractability=false, platform=ANY, proxy=Proxy(), goog:chromeOptions={debuggerAddress=localhost:50406}, webauthn:extension:credBlob=true, acceptInsecureCerts=false, browserVersion=95.0.4638.69, browserName=chrome, javascriptEnabled=true, platformName=windows, setWindowRect=true, webauthn:extension:largeBlob=true, webauthn:virtualAuthenticators=true}]
Session ID: 1c2c1a235e2d7129ac6a10e8c66dc505
*** Element info: {Using=css selector, value=#mount_0_0_G0 > div > div:nth-child(1) > div > div.rq0escxv.l9j0dhe7.du4w35lb > div > div > div.j83agx80.cbu4d94t.d6urw2fd.dp1hu0rb.l9j0dhe7.du4w35lb > div.rq0escxv.l9j0dhe7.du4w35lb.j83agx80.pfnyh3mw.taijpn5t.gs1a9yip.owycx6da.btwxx1t3.dp1hu0rb.p01isnhg > div > div.rq0escxv.l9j0dhe7.du4w35lb.j83agx80.g5gj957u.pmt1y7k9.buofh1pr.hpfvmrgz.taijpn5t.gs1a9yip.owycx6da.btwxx1t3.f7vcsfb0.fjf4s8hc.b6rwyo50.oyrvap6t > div > div > div > div.j83agx80.btwxx1t3.taijpn5t > div > div:nth-child(3) > div > div > div > div.k4urcfbm.g5gj957u.buofh1pr.j83agx80.ll8tlv6m > div}
	at java.base/jdk.internal.reflect.NativeConstructorAccessorImpl.newInstance0(Native Method)
	at java.base/jdk.internal.reflect.NativeConstructorAccessorImpl.newInstance(NativeConstructorAccessorImpl.java:78)
	at java.base/jdk.internal.reflect.DelegatingConstructorAccessorImpl.newInstance(DelegatingConstructorAccessorImpl.java:45)
	at java.base/java.lang.reflect.Constructor.newInstanceWithCaller(Constructor.java:499)
	at java.base/java.lang.reflect.Constructor.newInstance(Constructor.java:480)
	at org.openqa.selenium.remote.http.W3CHttpResponseCodec.createException(W3CHttpResponseCodec.java:150)
	at org.openqa.selenium.remote.http.W3CHttpResponseCodec.decode(W3CHttpResponseCodec.java:115)
	at org.openqa.selenium.remote.http.W3CHttpResponseCodec.decode(W3CHttpResponseCodec.java:45)
	at org.openqa.selenium.remote.HttpCommandExecutor.execute(HttpCommandExecutor.java:164)
	at org.openqa.selenium.remote.service.DriverCommandExecutor.execute(DriverCommandExecutor.java:82)
	at org.openqa.selenium.remote.RemoteWebDriver.execute(RemoteWebDriver.java:637)
	at org.openqa.selenium.remote.RemoteWebDriver.findElement(RemoteWebDriver.java:410)
	at org.openqa.selenium.remote.RemoteWebDriver.findElementByCssSelector(RemoteWebDriver.java:501)
	at org.openqa.selenium.By$ByCssSelector.findElement(By.java:430)
	at org.openqa.selenium.remote.RemoteWebDriver.findElement(RemoteWebDriver.java:402)
	at org.openqa.selenium.support.pagefactory.DefaultElementLocator.findElement(DefaultElementLocator.java:69)
	at org.openqa.selenium.support.pagefactory.internal.LocatingElementHandler.invoke(LocatingElementHandler.java:38)
	at jdk.proxy2/jdk.proxy2.$Proxy8.click(Unknown Source)
	at com.pageobjects.base.PageBaseClass.click(PageBaseClass.java:36)
	at com.fb.pages.HomePageClass.createPostFrame(HomePageClass.java:69)
	at com.wallethub.fbtest.TestClassFB.faceBookPost(TestClassFB.java:21)
	at java.base/jdk.internal.reflect.NativeMethodAccessorImpl.invoke0(Native Method)
	at java.base/jdk.internal.reflect.NativeMethodAccessorImpl.invoke(NativeMethodAccessorImpl.java:78)
	at java.base/jdk.internal.reflect.DelegatingMethodAccessorImpl.invoke(DelegatingMethodAccessorImpl.java:43)
	at java.base/java.lang.reflect.Method.invoke(Method.java:567)
	at org.testng.internal.MethodInvocationHelper.invokeMethod(MethodInvocationHelper.java:80)
	at org.testng.internal.Invoker.invokeMethod(Invoker.java:714)
	at org.testng.internal.Invoker.invokeTestMethod(Invoker.java:901)
	at org.testng.internal.Invoker.invokeTestMethods(Invoker.java:1231)
	at org.testng.internal.TestMethodWorker.invokeTestMethods(TestMethodWorker.java:127)
	at org.testng.internal.TestMethodWorker.run(TestMethodWorker.java:111)
	at org.testng.TestRunner.privateRun(TestRunner.java:767)
	at org.testng.TestRunner.run(TestRunner.java:617)
	at org.testng.SuiteRunner.runTest(SuiteRunner.java:334)
	at org.testng.SuiteRunner.runSequentially(SuiteRunner.java:329)
	at org.testng.SuiteRunner.privateRun(SuiteRunner.java:291)
	at org.testng.SuiteRunner.run(SuiteRunner.java:240)
	at org.testng.SuiteRunnerWorker.runSuite(SuiteRunnerWorker.java:52)
	at org.testng.SuiteRunnerWorker.run(SuiteRunnerWorker.java:86)
	at org.testng.TestNG.runSuitesSequentially(TestNG.java:1198)
	at org.testng.TestNG.runSuitesLocally(TestNG.java:1123)
	at org.testng.TestNG.run(TestNG.java:1031)
	at org.testng.remote.AbstractRemoteTestNG.run(AbstractRemoteTestNG.java:115)
	at org.testng.remote.RemoteTestNG.initAndRun(RemoteTestNG.java:251)
	at org.testng.remote.RemoteTestNG.main(RemoteTestNG.java:77)
]]>
    </failure>
  </testcase> <!-- faceBookPost -->
</testsuite> <!-- com.wallethub.fbtest.TestClassFB -->
